2024-05-28 16:00 - INFO - Running version: 1.4.1
2024-05-28 16:00 - INFO - 
NEW RUN!!!
**************************************
2024-05-28 16:00 - INFO - Running version 1.4.1
2024-05-28 16:00 - INFO - Appending command issued for future records to: /home/salamzade/zol_development/showcase_examples_redo/Enterococcus_Epa/CoreSimul/zol_Results_C0I0_Full/Determine_Orthogroups/Command_Issued.txt
2024-05-28 16:00 - INFO - --------------------
Step 0
--------------------
Processing proteomes
2024-05-28 16:00 - INFO - --------------------
Step 1
--------------------
Concatenating proteins into multi-FASTA.
2024-05-28 16:00 - INFO - --------------------
Step 2
--------------------
Running reflexive alignment using Diamond
2024-05-28 16:00 - INFO - --------------------
Step 3
--------------------
Running RBH.
2024-05-28 16:00 - INFO - --------------------
Step 4
--------------------
Run MCL to determine OrthoGroups.
2024-05-28 16:00 - INFO - --------------------
Step 5
--------------------
Create final result files!
2024-05-28 16:00 - INFO - --------------------
DONE!
--------------------
Orthogroup by sample matrix can be found at: /home/salamzade/zol_development/showcase_examples_redo/Enterococcus_Epa/CoreSimul/zol_Results_C0I0_Full/Determine_Orthogroups/Orthogroups.tsv
