2024-03-13 00:09 - INFO - Saving parameters for future records.
2024-03-13 00:09 - INFO - Done saving parameters!
2024-03-13 00:09 - INFO - Running prepTG version 1.3.19
2024-03-13 00:09 - INFO - Successfully ran: listAllGenomesInDirectory.py -i /home/conda_envs/CoreSimul/CoreSimul/Evolved_FASTAs/ --uncompress_dir /home/conda_envs/CoreSimul/CoreSimul/prepTG_Database/Uncompressed_Genomes/ > /home/conda_envs/CoreSimul/CoreSimul/prepTG_Database/Target_Genomes.txt
2024-03-13 00:09 - INFO - Running the following command: runProdigalAndMakeProperGenbank.py -i /home/conda_envs/CoreSimul/CoreSimul/Evolved_FASTAs//t12.fasta -s t12 -gcm pyrodigal -l AAA -o /home/conda_envs/CoreSimul/CoreSimul/prepTG_Database/Prodigal_Gene_Calling_Additional/
2024-03-13 00:09 - INFO - Running the following command: runProdigalAndMakeProperGenbank.py -i /home/conda_envs/CoreSimul/CoreSimul/Evolved_FASTAs//Ref_Epa_from_V583.fasta -s Ref_Epa_from_V583 -gcm pyrodigal -l AAB -o /home/conda_envs/CoreSimul/CoreSimul/prepTG_Database/Prodigal_Gene_Calling_Additional/
2024-03-13 00:09 - INFO - Running the following command: runProdigalAndMakeProperGenbank.py -i /home/conda_envs/CoreSimul/CoreSimul/Evolved_FASTAs//t7.fasta -s t7 -gcm pyrodigal -l AAC -o /home/conda_envs/CoreSimul/CoreSimul/prepTG_Database/Prodigal_Gene_Calling_Additional/
2024-03-13 00:09 - INFO - Running the following command: runProdigalAndMakeProperGenbank.py -i /home/conda_envs/CoreSimul/CoreSimul/Evolved_FASTAs//t14.fasta -s t14 -gcm pyrodigal -l AAD -o /home/conda_envs/CoreSimul/CoreSimul/prepTG_Database/Prodigal_Gene_Calling_Additional/
2024-03-13 00:09 - INFO - Running the following command: runProdigalAndMakeProperGenbank.py -i /home/conda_envs/CoreSimul/CoreSimul/Evolved_FASTAs//t8.fasta -s t8 -gcm pyrodigal -l AAE -o /home/conda_envs/CoreSimul/CoreSimul/prepTG_Database/Prodigal_Gene_Calling_Additional/
2024-03-13 00:09 - INFO - Running the following command: runProdigalAndMakeProperGenbank.py -i /home/conda_envs/CoreSimul/CoreSimul/Evolved_FASTAs//t28.fasta -s t28 -gcm pyrodigal -l AAF -o /home/conda_envs/CoreSimul/CoreSimul/prepTG_Database/Prodigal_Gene_Calling_Additional/
2024-03-13 00:09 - INFO - Running the following command: runProdigalAndMakeProperGenbank.py -i /home/conda_envs/CoreSimul/CoreSimul/Evolved_FASTAs//t25.fasta -s t25 -gcm pyrodigal -l AAG -o /home/conda_envs/CoreSimul/CoreSimul/prepTG_Database/Prodigal_Gene_Calling_Additional/
2024-03-13 00:09 - INFO - Running the following command: runProdigalAndMakeProperGenbank.py -i /home/conda_envs/CoreSimul/CoreSimul/Evolved_FASTAs//t24.fasta -s t24 -gcm pyrodigal -l AAH -o /home/conda_envs/CoreSimul/CoreSimul/prepTG_Database/Prodigal_Gene_Calling_Additional/
2024-03-13 00:09 - INFO - Running the following command: runProdigalAndMakeProperGenbank.py -i /home/conda_envs/CoreSimul/CoreSimul/Evolved_FASTAs//t2.fasta -s t2 -gcm pyrodigal -l AAJ -o /home/conda_envs/CoreSimul/CoreSimul/prepTG_Database/Prodigal_Gene_Calling_Additional/
2024-03-13 00:09 - INFO - Running the following command: runProdigalAndMakeProperGenbank.py -i /home/conda_envs/CoreSimul/CoreSimul/Evolved_FASTAs//t1.fasta -s t1 -gcm pyrodigal -l AAI -o /home/conda_envs/CoreSimul/CoreSimul/prepTG_Database/Prodigal_Gene_Calling_Additional/
2024-03-13 00:09 - INFO - Running the following command: runProdigalAndMakeProperGenbank.py -i /home/conda_envs/CoreSimul/CoreSimul/Evolved_FASTAs//t30.fasta -s t30 -gcm pyrodigal -l AAL -o /home/conda_envs/CoreSimul/CoreSimul/prepTG_Database/Prodigal_Gene_Calling_Additional/
2024-03-13 00:09 - INFO - Running the following command: runProdigalAndMakeProperGenbank.py -i /home/conda_envs/CoreSimul/CoreSimul/Evolved_FASTAs//t3.fasta -s t3 -gcm pyrodigal -l AAK -o /home/conda_envs/CoreSimul/CoreSimul/prepTG_Database/Prodigal_Gene_Calling_Additional/
2024-03-13 00:09 - INFO - Running the following command: runProdigalAndMakeProperGenbank.py -i /home/conda_envs/CoreSimul/CoreSimul/Evolved_FASTAs//t26.fasta -s t26 -gcm pyrodigal -l AAM -o /home/conda_envs/CoreSimul/CoreSimul/prepTG_Database/Prodigal_Gene_Calling_Additional/
2024-03-13 00:09 - INFO - Running the following command: runProdigalAndMakeProperGenbank.py -i /home/conda_envs/CoreSimul/CoreSimul/Evolved_FASTAs//t20.fasta -s t20 -gcm pyrodigal -l AAN -o /home/conda_envs/CoreSimul/CoreSimul/prepTG_Database/Prodigal_Gene_Calling_Additional/
2024-03-13 00:09 - INFO - Running the following command: runProdigalAndMakeProperGenbank.py -i /home/conda_envs/CoreSimul/CoreSimul/Evolved_FASTAs//t27.fasta -s t27 -gcm pyrodigal -l AAP -o /home/conda_envs/CoreSimul/CoreSimul/prepTG_Database/Prodigal_Gene_Calling_Additional/
2024-03-13 00:09 - INFO - Running the following command: runProdigalAndMakeProperGenbank.py -i /home/conda_envs/CoreSimul/CoreSimul/Evolved_FASTAs//t17.fasta -s t17 -gcm pyrodigal -l AAO -o /home/conda_envs/CoreSimul/CoreSimul/prepTG_Database/Prodigal_Gene_Calling_Additional/
2024-03-13 00:09 - INFO - Running the following command: runProdigalAndMakeProperGenbank.py -i /home/conda_envs/CoreSimul/CoreSimul/Evolved_FASTAs//t15.fasta -s t15 -gcm pyrodigal -l AAQ -o /home/conda_envs/CoreSimul/CoreSimul/prepTG_Database/Prodigal_Gene_Calling_Additional/
2024-03-13 00:09 - INFO - Running the following command: runProdigalAndMakeProperGenbank.py -i /home/conda_envs/CoreSimul/CoreSimul/Evolved_FASTAs//t19.fasta -s t19 -gcm pyrodigal -l AAR -o /home/conda_envs/CoreSimul/CoreSimul/prepTG_Database/Prodigal_Gene_Calling_Additional/
2024-03-13 00:09 - INFO - Running the following command: runProdigalAndMakeProperGenbank.py -i /home/conda_envs/CoreSimul/CoreSimul/Evolved_FASTAs//t21.fasta -s t21 -gcm pyrodigal -l AAS -o /home/conda_envs/CoreSimul/CoreSimul/prepTG_Database/Prodigal_Gene_Calling_Additional/
2024-03-13 00:09 - INFO - Running the following command: runProdigalAndMakeProperGenbank.py -i /home/conda_envs/CoreSimul/CoreSimul/Evolved_FASTAs//t13.fasta -s t13 -gcm pyrodigal -l AAT -o /home/conda_envs/CoreSimul/CoreSimul/prepTG_Database/Prodigal_Gene_Calling_Additional/
2024-03-13 00:09 - INFO - Running the following command: runProdigalAndMakeProperGenbank.py -i /home/conda_envs/CoreSimul/CoreSimul/Evolved_FASTAs//t22.fasta -s t22 -gcm pyrodigal -l AAU -o /home/conda_envs/CoreSimul/CoreSimul/prepTG_Database/Prodigal_Gene_Calling_Additional/
2024-03-13 00:09 - INFO - Running the following command: runProdigalAndMakeProperGenbank.py -i /home/conda_envs/CoreSimul/CoreSimul/Evolved_FASTAs//t11.fasta -s t11 -gcm pyrodigal -l AAV -o /home/conda_envs/CoreSimul/CoreSimul/prepTG_Database/Prodigal_Gene_Calling_Additional/
2024-03-13 00:09 - INFO - Running the following command: runProdigalAndMakeProperGenbank.py -i /home/conda_envs/CoreSimul/CoreSimul/Evolved_FASTAs//t5.fasta -s t5 -gcm pyrodigal -l AAW -o /home/conda_envs/CoreSimul/CoreSimul/prepTG_Database/Prodigal_Gene_Calling_Additional/
2024-03-13 00:09 - INFO - Running the following command: runProdigalAndMakeProperGenbank.py -i /home/conda_envs/CoreSimul/CoreSimul/Evolved_FASTAs//t6.fasta -s t6 -gcm pyrodigal -l AAX -o /home/conda_envs/CoreSimul/CoreSimul/prepTG_Database/Prodigal_Gene_Calling_Additional/
2024-03-13 00:09 - INFO - Running the following command: runProdigalAndMakeProperGenbank.py -i /home/conda_envs/CoreSimul/CoreSimul/Evolved_FASTAs//t9.fasta -s t9 -gcm pyrodigal -l AAZ -o /home/conda_envs/CoreSimul/CoreSimul/prepTG_Database/Prodigal_Gene_Calling_Additional/
2024-03-13 00:09 - INFO - Running the following command: runProdigalAndMakeProperGenbank.py -i /home/conda_envs/CoreSimul/CoreSimul/Evolved_FASTAs//t18.fasta -s t18 -gcm pyrodigal -l AAY -o /home/conda_envs/CoreSimul/CoreSimul/prepTG_Database/Prodigal_Gene_Calling_Additional/
2024-03-13 00:09 - INFO - Running the following command: runProdigalAndMakeProperGenbank.py -i /home/conda_envs/CoreSimul/CoreSimul/Evolved_FASTAs//t16.fasta -s t16 -gcm pyrodigal -l ABA -o /home/conda_envs/CoreSimul/CoreSimul/prepTG_Database/Prodigal_Gene_Calling_Additional/
2024-03-13 00:09 - INFO - Running the following command: runProdigalAndMakeProperGenbank.py -i /home/conda_envs/CoreSimul/CoreSimul/Evolved_FASTAs//t4.fasta -s t4 -gcm pyrodigal -l ABD -o /home/conda_envs/CoreSimul/CoreSimul/prepTG_Database/Prodigal_Gene_Calling_Additional/
2024-03-13 00:09 - INFO - Running the following command: runProdigalAndMakeProperGenbank.py -i /home/conda_envs/CoreSimul/CoreSimul/Evolved_FASTAs//t10.fasta -s t10 -gcm pyrodigal -l ABB -o /home/conda_envs/CoreSimul/CoreSimul/prepTG_Database/Prodigal_Gene_Calling_Additional/
2024-03-13 00:09 - INFO - Running the following command: runProdigalAndMakeProperGenbank.py -i /home/conda_envs/CoreSimul/CoreSimul/Evolved_FASTAs//t23.fasta -s t23 -gcm pyrodigal -l ABC -o /home/conda_envs/CoreSimul/CoreSimul/prepTG_Database/Prodigal_Gene_Calling_Additional/
2024-03-13 00:09 - INFO - Successfully ran: runProdigalAndMakeProperGenbank.py -i /home/conda_envs/CoreSimul/CoreSimul/Evolved_FASTAs//t26.fasta -s t26 -gcm pyrodigal -l AAM -o /home/conda_envs/CoreSimul/CoreSimul/prepTG_Database/Prodigal_Gene_Calling_Additional/
2024-03-13 00:09 - INFO - Running the following command: runProdigalAndMakeProperGenbank.py -i /home/conda_envs/CoreSimul/CoreSimul/Evolved_FASTAs//t29.fasta -s t29 -gcm pyrodigal -l ABE -o /home/conda_envs/CoreSimul/CoreSimul/prepTG_Database/Prodigal_Gene_Calling_Additional/
2024-03-13 00:09 - INFO - Successfully ran: runProdigalAndMakeProperGenbank.py -i /home/conda_envs/CoreSimul/CoreSimul/Evolved_FASTAs//t15.fasta -s t15 -gcm pyrodigal -l AAQ -o /home/conda_envs/CoreSimul/CoreSimul/prepTG_Database/Prodigal_Gene_Calling_Additional/
2024-03-13 00:09 - INFO - Successfully ran: runProdigalAndMakeProperGenbank.py -i /home/conda_envs/CoreSimul/CoreSimul/Evolved_FASTAs//t14.fasta -s t14 -gcm pyrodigal -l AAD -o /home/conda_envs/CoreSimul/CoreSimul/prepTG_Database/Prodigal_Gene_Calling_Additional/
2024-03-13 00:09 - INFO - Successfully ran: runProdigalAndMakeProperGenbank.py -i /home/conda_envs/CoreSimul/CoreSimul/Evolved_FASTAs//t6.fasta -s t6 -gcm pyrodigal -l AAX -o /home/conda_envs/CoreSimul/CoreSimul/prepTG_Database/Prodigal_Gene_Calling_Additional/
2024-03-13 00:09 - INFO - Successfully ran: runProdigalAndMakeProperGenbank.py -i /home/conda_envs/CoreSimul/CoreSimul/Evolved_FASTAs//t25.fasta -s t25 -gcm pyrodigal -l AAG -o /home/conda_envs/CoreSimul/CoreSimul/prepTG_Database/Prodigal_Gene_Calling_Additional/
2024-03-13 00:09 - INFO - Successfully ran: runProdigalAndMakeProperGenbank.py -i /home/conda_envs/CoreSimul/CoreSimul/Evolved_FASTAs//t17.fasta -s t17 -gcm pyrodigal -l AAO -o /home/conda_envs/CoreSimul/CoreSimul/prepTG_Database/Prodigal_Gene_Calling_Additional/
2024-03-13 00:09 - INFO - Successfully ran: runProdigalAndMakeProperGenbank.py -i /home/conda_envs/CoreSimul/CoreSimul/Evolved_FASTAs//t10.fasta -s t10 -gcm pyrodigal -l ABB -o /home/conda_envs/CoreSimul/CoreSimul/prepTG_Database/Prodigal_Gene_Calling_Additional/
2024-03-13 00:09 - INFO - Successfully ran: runProdigalAndMakeProperGenbank.py -i /home/conda_envs/CoreSimul/CoreSimul/Evolved_FASTAs//t23.fasta -s t23 -gcm pyrodigal -l ABC -o /home/conda_envs/CoreSimul/CoreSimul/prepTG_Database/Prodigal_Gene_Calling_Additional/
2024-03-13 00:09 - INFO - Successfully ran: runProdigalAndMakeProperGenbank.py -i /home/conda_envs/CoreSimul/CoreSimul/Evolved_FASTAs//t24.fasta -s t24 -gcm pyrodigal -l AAH -o /home/conda_envs/CoreSimul/CoreSimul/prepTG_Database/Prodigal_Gene_Calling_Additional/
2024-03-13 00:09 - INFO - Successfully ran: runProdigalAndMakeProperGenbank.py -i /home/conda_envs/CoreSimul/CoreSimul/Evolved_FASTAs//t7.fasta -s t7 -gcm pyrodigal -l AAC -o /home/conda_envs/CoreSimul/CoreSimul/prepTG_Database/Prodigal_Gene_Calling_Additional/
2024-03-13 00:09 - INFO - Successfully ran: runProdigalAndMakeProperGenbank.py -i /home/conda_envs/CoreSimul/CoreSimul/Evolved_FASTAs//t12.fasta -s t12 -gcm pyrodigal -l AAA -o /home/conda_envs/CoreSimul/CoreSimul/prepTG_Database/Prodigal_Gene_Calling_Additional/
2024-03-13 00:09 - INFO - Successfully ran: runProdigalAndMakeProperGenbank.py -i /home/conda_envs/CoreSimul/CoreSimul/Evolved_FASTAs//t16.fasta -s t16 -gcm pyrodigal -l ABA -o /home/conda_envs/CoreSimul/CoreSimul/prepTG_Database/Prodigal_Gene_Calling_Additional/
2024-03-13 00:09 - INFO - Successfully ran: runProdigalAndMakeProperGenbank.py -i /home/conda_envs/CoreSimul/CoreSimul/Evolved_FASTAs//t9.fasta -s t9 -gcm pyrodigal -l AAZ -o /home/conda_envs/CoreSimul/CoreSimul/prepTG_Database/Prodigal_Gene_Calling_Additional/
2024-03-13 00:09 - INFO - Successfully ran: runProdigalAndMakeProperGenbank.py -i /home/conda_envs/CoreSimul/CoreSimul/Evolved_FASTAs//t22.fasta -s t22 -gcm pyrodigal -l AAU -o /home/conda_envs/CoreSimul/CoreSimul/prepTG_Database/Prodigal_Gene_Calling_Additional/
2024-03-13 00:09 - INFO - Successfully ran: runProdigalAndMakeProperGenbank.py -i /home/conda_envs/CoreSimul/CoreSimul/Evolved_FASTAs//t8.fasta -s t8 -gcm pyrodigal -l AAE -o /home/conda_envs/CoreSimul/CoreSimul/prepTG_Database/Prodigal_Gene_Calling_Additional/
2024-03-13 00:09 - INFO - Successfully ran: runProdigalAndMakeProperGenbank.py -i /home/conda_envs/CoreSimul/CoreSimul/Evolved_FASTAs//t5.fasta -s t5 -gcm pyrodigal -l AAW -o /home/conda_envs/CoreSimul/CoreSimul/prepTG_Database/Prodigal_Gene_Calling_Additional/
2024-03-13 00:09 - INFO - Successfully ran: runProdigalAndMakeProperGenbank.py -i /home/conda_envs/CoreSimul/CoreSimul/Evolved_FASTAs//t21.fasta -s t21 -gcm pyrodigal -l AAS -o /home/conda_envs/CoreSimul/CoreSimul/prepTG_Database/Prodigal_Gene_Calling_Additional/
2024-03-13 00:09 - INFO - Successfully ran: runProdigalAndMakeProperGenbank.py -i /home/conda_envs/CoreSimul/CoreSimul/Evolved_FASTAs//t2.fasta -s t2 -gcm pyrodigal -l AAJ -o /home/conda_envs/CoreSimul/CoreSimul/prepTG_Database/Prodigal_Gene_Calling_Additional/
2024-03-13 00:09 - INFO - Successfully ran: runProdigalAndMakeProperGenbank.py -i /home/conda_envs/CoreSimul/CoreSimul/Evolved_FASTAs//Ref_Epa_from_V583.fasta -s Ref_Epa_from_V583 -gcm pyrodigal -l AAB -o /home/conda_envs/CoreSimul/CoreSimul/prepTG_Database/Prodigal_Gene_Calling_Additional/
2024-03-13 00:09 - INFO - Successfully ran: runProdigalAndMakeProperGenbank.py -i /home/conda_envs/CoreSimul/CoreSimul/Evolved_FASTAs//t13.fasta -s t13 -gcm pyrodigal -l AAT -o /home/conda_envs/CoreSimul/CoreSimul/prepTG_Database/Prodigal_Gene_Calling_Additional/
2024-03-13 00:09 - INFO - Successfully ran: runProdigalAndMakeProperGenbank.py -i /home/conda_envs/CoreSimul/CoreSimul/Evolved_FASTAs//t27.fasta -s t27 -gcm pyrodigal -l AAP -o /home/conda_envs/CoreSimul/CoreSimul/prepTG_Database/Prodigal_Gene_Calling_Additional/
2024-03-13 00:09 - INFO - Successfully ran: runProdigalAndMakeProperGenbank.py -i /home/conda_envs/CoreSimul/CoreSimul/Evolved_FASTAs//t30.fasta -s t30 -gcm pyrodigal -l AAL -o /home/conda_envs/CoreSimul/CoreSimul/prepTG_Database/Prodigal_Gene_Calling_Additional/
2024-03-13 00:09 - INFO - Successfully ran: runProdigalAndMakeProperGenbank.py -i /home/conda_envs/CoreSimul/CoreSimul/Evolved_FASTAs//t20.fasta -s t20 -gcm pyrodigal -l AAN -o /home/conda_envs/CoreSimul/CoreSimul/prepTG_Database/Prodigal_Gene_Calling_Additional/
2024-03-13 00:09 - INFO - Successfully ran: runProdigalAndMakeProperGenbank.py -i /home/conda_envs/CoreSimul/CoreSimul/Evolved_FASTAs//t19.fasta -s t19 -gcm pyrodigal -l AAR -o /home/conda_envs/CoreSimul/CoreSimul/prepTG_Database/Prodigal_Gene_Calling_Additional/
2024-03-13 00:09 - INFO - Successfully ran: runProdigalAndMakeProperGenbank.py -i /home/conda_envs/CoreSimul/CoreSimul/Evolved_FASTAs//t1.fasta -s t1 -gcm pyrodigal -l AAI -o /home/conda_envs/CoreSimul/CoreSimul/prepTG_Database/Prodigal_Gene_Calling_Additional/
2024-03-13 00:09 - INFO - Successfully ran: runProdigalAndMakeProperGenbank.py -i /home/conda_envs/CoreSimul/CoreSimul/Evolved_FASTAs//t28.fasta -s t28 -gcm pyrodigal -l AAF -o /home/conda_envs/CoreSimul/CoreSimul/prepTG_Database/Prodigal_Gene_Calling_Additional/
2024-03-13 00:09 - INFO - Successfully ran: runProdigalAndMakeProperGenbank.py -i /home/conda_envs/CoreSimul/CoreSimul/Evolved_FASTAs//t18.fasta -s t18 -gcm pyrodigal -l AAY -o /home/conda_envs/CoreSimul/CoreSimul/prepTG_Database/Prodigal_Gene_Calling_Additional/
2024-03-13 00:09 - INFO - Successfully ran: runProdigalAndMakeProperGenbank.py -i /home/conda_envs/CoreSimul/CoreSimul/Evolved_FASTAs//t11.fasta -s t11 -gcm pyrodigal -l AAV -o /home/conda_envs/CoreSimul/CoreSimul/prepTG_Database/Prodigal_Gene_Calling_Additional/
2024-03-13 00:09 - INFO - Successfully ran: runProdigalAndMakeProperGenbank.py -i /home/conda_envs/CoreSimul/CoreSimul/Evolved_FASTAs//t4.fasta -s t4 -gcm pyrodigal -l ABD -o /home/conda_envs/CoreSimul/CoreSimul/prepTG_Database/Prodigal_Gene_Calling_Additional/
2024-03-13 00:09 - INFO - Successfully ran: runProdigalAndMakeProperGenbank.py -i /home/conda_envs/CoreSimul/CoreSimul/Evolved_FASTAs//t3.fasta -s t3 -gcm pyrodigal -l AAK -o /home/conda_envs/CoreSimul/CoreSimul/prepTG_Database/Prodigal_Gene_Calling_Additional/
2024-03-13 00:09 - INFO - Successfully ran: runProdigalAndMakeProperGenbank.py -i /home/conda_envs/CoreSimul/CoreSimul/Evolved_FASTAs//t29.fasta -s t29 -gcm pyrodigal -l ABE -o /home/conda_envs/CoreSimul/CoreSimul/prepTG_Database/Prodigal_Gene_Calling_Additional/
2024-03-13 00:09 - INFO - Successfully ran: diamond makedb --ignore-warnings --in /home/conda_envs/CoreSimul/CoreSimul/prepTG_Database/Target_Genomes_DB.faa -d /home/conda_envs/CoreSimul/CoreSimul/prepTG_Database/Target_Genomes_DB.dmnd
