2024-03-08 13:51 - INFO - Running fai version 1.3.19
2024-03-08 13:51 - INFO - Saving parameters for future records.
2024-03-08 13:51 - INFO - Done saving parameters!
2024-03-08 13:51 - INFO - Beginning fai searches using coordinates NC_004668.1:2071671-2115174 in reference genome GCF_000007785.1_ASM778v1_genomic.fna
2024-03-08 13:51 - INFO - --------------------
Step 1
--------------------
Getting protein sequences of known gene-cluster instance(s).
2024-03-08 13:51 - INFO - Successfully ran: runProdigalAndMakeProperGenbank.py -i /home/salamzade/zol_development/showcase_examples/Enterococcus_Epa/GCF_000007785.1_ASM778v1_genomic.fna -s reference -l OG -o /home/salamzade/zol_development/showcase_examples/Enterococcus_Epa/fai_Results_v1.3.19/Processing_Queries/
2024-03-08 13:51 - INFO - --------------------
Step 2
--------------------
Running DIAMOND BLASTp and Processing Results.
2024-03-08 13:53 - INFO - Successfully ran: diamond blastp --ignore-warnings --threads 40 --very-sensitive --query /home/salamzade/zol_development/showcase_examples/Enterococcus_Epa/fai_Results_v1.3.19/Processing_Queries/NR_Reference_Query.faa --db /home/salamzade/zol_development/showcase_examples/Enterococcus_Epa/prepTG_Results_v1.3.19/Target_Genomes_DB.dmnd --outfmt 6 qseqid sseqid pident length mismatch gapopen qstart qend sstart send evalue bitscore qlen slen -k0 --out /home/salamzade/zol_development/showcase_examples/Enterococcus_Epa/fai_Results_v1.3.19/DIAMOND_Analysis/DIAMOND_Results.txt --evalue 1e-10
2024-03-08 13:53 - INFO - Successfully ran: /home/salamzade/zol_development/develop_v1.3.19/zol/zol/splitDiamondResultsForFai /home/salamzade/zol_development/showcase_examples/Enterococcus_Epa/fai_Results_v1.3.19/DIAMOND_Analysis/DIAMOND_Results.txt /home/salamzade/zol_development/showcase_examples/Enterococcus_Epa/fai_Results_v1.3.19/DIAMOND_Analysis/Sample_to_Listing.txt
2024-03-08 13:53 - INFO - --------------------
Step 3
--------------------
Loading target genomes database prepared by prepTG.
2024-03-08 13:53 - INFO - --------------------
Step 4
--------------------
Identifying homologous gene-cluster segments.
2024-03-08 13:56 - INFO - --------------------
Step 5
--------------------
Create overview plots + spreadsheets showing homology of candidate gene clusters to queries.
2024-03-08 13:56 - INFO - Successfully ran: Rscript /home/salamzade/zol_development/develop_v1.3.19/zol/zol/plotTinyAAI.R /home/salamzade/zol_development/showcase_examples/Enterococcus_Epa/fai_Results_v1.3.19/Plotting_Files/Tiny_AAI_Plot_Data.txt /home/salamzade/zol_development/showcase_examples/Enterococcus_Epa/fai_Results_v1.3.19/Final_Results/Candidate_Homologous_Gene_Clusters.Tiny_AAI_Plot.pdf
2024-03-08 13:56 - INFO - Done running fai!
Final results can be found at:
/home/salamzade/zol_development/showcase_examples/Enterococcus_Epa/fai_Results_v1.3.19/Final_Results/

