2024-03-13 00:11 - INFO - Running fai version 1.3.19
2024-03-13 00:11 - INFO - Saving parameters for future records.
2024-03-13 00:11 - INFO - Done saving parameters!
2024-03-13 00:11 - INFO - Beginning fai searches using protein queries FASTA file at: Reference_Query.faa
2024-03-13 00:11 - INFO - --------------------
Step 1
--------------------
Getting protein sequences of known gene-cluster instance(s).
2024-03-13 00:11 - INFO - --------------------
Step 2
--------------------
Running DIAMOND BLASTp and Processing Results.
2024-03-13 00:11 - INFO - Successfully ran: diamond blastp --ignore-warnings --threads 30 --very-sensitive --query /home/conda_envs/CoreSimul/CoreSimul/fai_Results/Processing_Queries/NR_Reference_Query.faa --db /home/conda_envs/CoreSimul/CoreSimul/prepTG_Database/Target_Genomes_DB.dmnd --outfmt 6 qseqid sseqid pident length mismatch gapopen qstart qend sstart send evalue bitscore qlen slen -k0 --out /home/conda_envs/CoreSimul/CoreSimul/fai_Results/DIAMOND_Analysis/DIAMOND_Results.txt --evalue 1e-10
2024-03-13 00:11 - INFO - Successfully ran: /home/salamzade/zol_development/develop_v1.3.19/zol/zol/splitDiamondResultsForFai /home/conda_envs/CoreSimul/CoreSimul/fai_Results/DIAMOND_Analysis/DIAMOND_Results.txt /home/conda_envs/CoreSimul/CoreSimul/fai_Results/DIAMOND_Analysis/Sample_to_Listing.txt
2024-03-13 00:11 - INFO - --------------------
Step 3
--------------------
Loading target genomes database prepared by prepTG.
2024-03-13 00:11 - INFO - --------------------
Step 4
--------------------
Identifying homologous gene-cluster segments.
2024-03-13 00:11 - INFO - --------------------
Step 5
--------------------
Create overview plots + spreadsheets showing homology of candidate gene clusters to queries.
2024-03-13 00:11 - INFO - Successfully ran: Rscript /home/salamzade/zol_development/develop_v1.3.19/zol/zol/plotTinyAAI.R /home/conda_envs/CoreSimul/CoreSimul/fai_Results/Plotting_Files/Tiny_AAI_Plot_Data.txt /home/conda_envs/CoreSimul/CoreSimul/fai_Results/Final_Results/Candidate_Homologous_Gene_Clusters.Tiny_AAI_Plot.pdf
2024-03-13 00:11 - INFO - Done running fai!
Final results can be found at:
/home/conda_envs/CoreSimul/CoreSimul/fai_Results/Final_Results/

2024-03-13 01:38 - INFO - Running fai version 1.3.19
2024-03-13 01:38 - INFO - Saving parameters for future records.
2024-03-13 01:38 - INFO - Done saving parameters!
2024-03-13 01:38 - INFO - Beginning fai searches using protein queries FASTA file at: Reference_Query.faa
2024-03-13 01:38 - INFO - --------------------
Step 1
--------------------
Getting protein sequences of known gene-cluster instance(s).
2024-03-13 01:38 - INFO - --------------------
Step 2
--------------------
Running DIAMOND BLASTp and Processing Results.
2024-03-13 01:38 - INFO - --------------------
Step 3
--------------------
Loading target genomes database prepared by prepTG.
2024-03-13 01:38 - INFO - --------------------
Step 4
--------------------
Identifying homologous gene-cluster segments.
2024-03-13 01:38 - INFO - --------------------
Step 5
--------------------
Create overview plots + spreadsheets showing homology of candidate gene clusters to queries.
2024-03-13 01:38 - INFO - --------------------
Step 6
--------------------
Plotting overview of gene-cluster segments identified.
2024-03-13 01:38 - INFO - Successfully ran: Rscript /home/salamzade/zol_development/develop_v1.3.19/zol/zol/plotSegments.R /home/conda_envs/CoreSimul/CoreSimul/fai_Results/Plotting_Files/Name_Mapping.txt /home/conda_envs/CoreSimul/CoreSimul/fai_Results/Plotting_Files/Bar_Plot_Input.txt /home/conda_envs/CoreSimul/CoreSimul/fai_Results/Final_Results/Homologous_Gene_Cluster_Segments.pdf /home/conda_envs/CoreSimul/CoreSimul/fai_Results/Final_Results/Name_Mapping_of_Queries_to_Original_LocusTags.pdf 5 15
2024-03-13 01:38 - INFO - Done running fai!
Final results can be found at:
/home/conda_envs/CoreSimul/CoreSimul/fai_Results/Final_Results/

